app/build/intermediates/manifest_merge_blame_file/release/processReleaseMainManifest/manifest-merger-blame-release-report.txt
1<?xml version="1.0" encoding="utf-8"?>
2<manifest xmlns:android="http://schemas.android.com/apk/res/android"
3    package="com.obsidian.voicenote"
4    android:versionCode="1"
5    android:versionName="1.0" >
6
7    <uses-sdk
8        android:minSdkVersion="26"
9        android:targetSdkVersion="34" />
10
11    <uses-permission android:name="android.permission.INTERNET" />
11-->src/main/AndroidManifest.xml:5:5-67
11-->src/main/AndroidManifest.xml:5:22-64
12    <uses-permission android:name="android.permission.RECORD_AUDIO" />
12-->src/main/AndroidManifest.xml:6:5-71
12-->src/main/AndroidManifest.xml:6:22-68
13    <uses-permission android:name="android.permission.FOREGROUND_SERVICE" />
13-->src/main/AndroidManifest.xml:7:5-77
13-->src/main/AndroidManifest.xml:7:22-74
14    <uses-permission android:name="android.permission.FOREGROUND_SERVICE_MICROPHONE" />
14-->src/main/AndroidManifest.xml:8:5-88
14-->src/main/AndroidManifest.xml:8:22-85
15    <uses-permission android:name="android.permission.POST_NOTIFICATIONS" />
15-->src/main/AndroidManifest.xml:9:5-77
15-->src/main/AndroidManifest.xml:9:22-74
16    <uses-permission android:name="android.permission.WAKE_LOCK" />
16-->src/main/AndroidManifest.xml:10:5-68
16-->src/main/AndroidManifest.xml:10:22-65
17
18    <permission
18-->[androidx.core:core:1.12.0] AndroidManifest.xml:22:5-24:47
19        android:name="com.obsidian.voicenote.DYNAMIC_RECEIVER_NOT_EXPORTED_PERMISSION"
19-->[androidx.core:core:1.12.0] AndroidManifest.xml:23:9-81
20        android:protectionLevel="signature" />
20-->[androidx.core:core:1.12.0] AndroidManifest.xml:24:9-44
21
22    <uses-permission android:name="com.obsidian.voicenote.DYNAMIC_RECEIVER_NOT_EXPORTED_PERMISSION" />
22-->[androidx.core:core:1.12.0] AndroidManifest.xml:26:5-97
22-->[androidx.core:core:1.12.0] AndroidManifest.xml:26:22-94
23
24    <application
24-->src/main/AndroidManifest.xml:12:5-53:19
25        android:allowBackup="true"
25-->src/main/AndroidManifest.xml:13:9-35
26        android:appComponentFactory="androidx.core.app.CoreComponentFactory"
26-->[androidx.core:core:1.12.0] AndroidManifest.xml:28:18-86
27        android:dataExtractionRules="@xml/data_extraction_rules"
27-->src/main/AndroidManifest.xml:14:9-65
28        android:extractNativeLibs="false"
29        android:fullBackupContent="@xml/backup_rules"
29-->src/main/AndroidManifest.xml:15:9-54
30        android:label="@string/app_name"
30-->src/main/AndroidManifest.xml:16:9-41
31        android:supportsRtl="true"
31-->src/main/AndroidManifest.xml:17:9-35
32        android:theme="@style/Theme.ObsiVoice" >
32-->src/main/AndroidManifest.xml:18:9-47
33        <activity
33-->src/main/AndroidManifest.xml:21:9-29:20
34            android:name="com.obsidian.voicenote.MainActivity"
34-->src/main/AndroidManifest.xml:22:13-41
35            android:exported="true"
35-->src/main/AndroidManifest.xml:23:13-36
36            android:theme="@style/Theme.ObsiVoice" >
36-->src/main/AndroidManifest.xml:24:13-51
37            <intent-filter>
37-->src/main/AndroidManifest.xml:25:13-28:29
38                <action android:name="android.intent.action.MAIN" />
38-->src/main/AndroidManifest.xml:26:17-69
38-->src/main/AndroidManifest.xml:26:25-66
39
40                <category android:name="android.intent.category.LAUNCHER" />
40-->src/main/AndroidManifest.xml:27:17-77
40-->src/main/AndroidManifest.xml:27:27-74
41            </intent-filter>
42        </activity>
43        <activity
43-->src/main/AndroidManifest.xml:31:9-34:54
44            android:name="com.obsidian.voicenote.SettingsActivity"
44-->src/main/AndroidManifest.xml:32:13-45
45            android:exported="false"
45-->src/main/AndroidManifest.xml:33:13-37
46            android:theme="@style/Theme.ObsiVoice" />
46-->src/main/AndroidManifest.xml:34:13-51
47
48        <service
48-->src/main/AndroidManifest.xml:36:9-40:58
49            android:name="com.obsidian.voicenote.RecordingService"
49-->src/main/AndroidManifest.xml:37:13-45
50            android:enabled="true"
50-->src/main/AndroidManifest.xml:38:13-35
51            android:exported="false"
51-->src/main/AndroidManifest.xml:39:13-37
52            android:foregroundServiceType="microphone" />
52-->src/main/AndroidManifest.xml:40:13-55
53
54        <receiver
54-->src/main/AndroidManifest.xml:42:9-51:20
55            android:name="com.obsidian.voicenote.VoiceNoteWidget"
55-->src/main/AndroidManifest.xml:43:13-44
56            android:exported="false" >
56-->src/main/AndroidManifest.xml:44:13-37
57            <intent-filter>
57-->src/main/AndroidManifest.xml:45:13-47:29
58                <action android:name="android.appwidget.action.APPWIDGET_UPDATE" />
58-->src/main/AndroidManifest.xml:46:17-84
58-->src/main/AndroidManifest.xml:46:25-81
59            </intent-filter>
60
61            <meta-data
61-->src/main/AndroidManifest.xml:48:13-50:66
62                android:name="android.appwidget.provider"
62-->src/main/AndroidManifest.xml:49:17-58
63                android:resource="@xml/voice_note_widget_info" />
63-->src/main/AndroidManifest.xml:50:17-63
64        </receiver>
65
66        <provider
66-->[androidx.emoji2:emoji2:1.4.0] AndroidManifest.xml:24:9-32:20
67            android:name="androidx.startup.InitializationProvider"
67-->[androidx.emoji2:emoji2:1.4.0] AndroidManifest.xml:25:13-67
68            android:authorities="com.obsidian.voicenote.androidx-startup"
68-->[androidx.emoji2:emoji2:1.4.0] AndroidManifest.xml:26:13-68
69            android:exported="false" >
69-->[androidx.emoji2:emoji2:1.4.0] AndroidManifest.xml:27:13-37
70            <meta-data
70-->[androidx.emoji2:emoji2:1.4.0] AndroidManifest.xml:29:13-31:52
71                android:name="androidx.emoji2.text.EmojiCompatInitializer"
71-->[androidx.emoji2:emoji2:1.4.0] AndroidManifest.xml:30:17-75
72                android:value="androidx.startup" />
72-->[androidx.emoji2:emoji2:1.4.0] AndroidManifest.xml:31:17-49
73            <meta-data
73-->[androidx.lifecycle:lifecycle-process:2.6.2] AndroidManifest.xml:29:13-31:52
74                android:name="androidx.lifecycle.ProcessLifecycleInitializer"
74-->[androidx.lifecycle:lifecycle-process:2.6.2] AndroidManifest.xml:30:17-78
75                android:value="androidx.startup" />
75-->[androidx.lifecycle:lifecycle-process:2.6.2] AndroidManifest.xml:31:17-49
76            <meta-data
76-->[androidx.profileinstaller:profileinstaller:1.3.0] AndroidManifest.xml:29:13-31:52
77                android:name="androidx.profileinstaller.ProfileInstallerInitializer"
77-->[androidx.profileinstaller:profileinstaller:1.3.0] AndroidManifest.xml:30:17-85
78                android:value="androidx.startup" />
78-->[androidx.profileinstaller:profileinstaller:1.3.0] AndroidManifest.xml:31:17-49
79        </provider>
80
81        <receiver
81-->[androidx.profileinstaller:profileinstaller:1.3.0] AndroidManifest.xml:34:9-52:20
82            android:name="androidx.profileinstaller.ProfileInstallReceiver"
82-->[androidx.profileinstaller:profileinstaller:1.3.0] AndroidManifest.xml:35:13-76
83            android:directBootAware="false"
83-->[androidx.profileinstaller:profileinstaller:1.3.0] AndroidManifest.xml:36:13-44
84            android:enabled="true"
84-->[androidx.profileinstaller:profileinstaller:1.3.0] AndroidManifest.xml:37:13-35
85            android:exported="true"
85-->[androidx.profileinstaller:profileinstaller:1.3.0] AndroidManifest.xml:38:13-36
86            android:permission="android.permission.DUMP" >
86-->[androidx.profileinstaller:profileinstaller:1.3.0] AndroidManifest.xml:39:13-57
87            <intent-filter>
87-->[androidx.profileinstaller:profileinstaller:1.3.0] AndroidManifest.xml:40:13-42:29
88                <action android:name="androidx.profileinstaller.action.INSTALL_PROFILE" />
88-->[androidx.profileinstaller:profileinstaller:1.3.0] AndroidManifest.xml:41:17-91
88-->[androidx.profileinstaller:profileinstaller:1.3.0] AndroidManifest.xml:41:25-88
89            </intent-filter>
90            <intent-filter>
90-->[androidx.profileinstaller:profileinstaller:1.3.0] AndroidManifest.xml:43:13-45:29
91                <action android:name="androidx.profileinstaller.action.SKIP_FILE" />
91-->[androidx.profileinstaller:profileinstaller:1.3.0] AndroidManifest.xml:44:17-85
91-->[androidx.profileinstaller:profileinstaller:1.3.0] AndroidManifest.xml:44:25-82
92            </intent-filter>
93            <intent-filter>
93-->[androidx.profileinstaller:profileinstaller:1.3.0] AndroidManifest.xml:46:13-48:29
94                <action android:name="androidx.profileinstaller.action.SAVE_PROFILE" />
94-->[androidx.profileinstaller:profileinstaller:1.3.0] AndroidManifest.xml:47:17-88
94-->[androidx.profileinstaller:profileinstaller:1.3.0] AndroidManifest.xml:47:25-85
95            </intent-filter>
96            <intent-filter>
96-->[androidx.profileinstaller:profileinstaller:1.3.0] AndroidManifest.xml:49:13-51:29
97                <action android:name="androidx.profileinstaller.action.BENCHMARK_OPERATION" />
97-->[androidx.profileinstaller:profileinstaller:1.3.0] AndroidManifest.xml:50:17-95
97-->[androidx.profileinstaller:profileinstaller:1.3.0] AndroidManifest.xml:50:25-92
98            </intent-filter>
99        </receiver>
100    </application>
101
102</manifest>